{"level":"info","message":"POST /","timestamp":"2024-06-19 13:05:01"}
{"level":"info","message":"POST /","timestamp":"2024-06-19 13:20:42"}
{"level":"info","message":"POST /auth/register","timestamp":"2024-06-19 13:26:37"}
{"level":"info","message":"POST /auth/register","timestamp":"2024-06-19 13:26:56"}
{"level":"info","message":"POST /auth/register","timestamp":"2024-06-19 13:27:39"}
{"level":"info","message":"POST /auth/register","timestamp":"2024-06-20 08:32:23"}
{"level":"info","message":"POST /auth/register","timestamp":"2024-06-20 08:37:49"}
{"level":"info","message":"GET /","timestamp":"2024-06-20 09:55:23"}
{"level":"info","message":"POST /auth/register","timestamp":"2024-06-20 10:05:30"}
{"level":"info","message":"POST /auth/register","timestamp":"2024-06-20 10:12:50"}
{"level":"info","message":"GET /auth","timestamp":"2024-06-20 10:15:37"}
{"level":"error","message":"400 - Expected double-quoted property name in JSON at position 76 (line 4 column 1) - /auth/login - GET - ::1","timestamp":"2024-06-20 10:17:43"}
{"level":"info","message":"GET /auth/login","timestamp":"2024-06-20 10:17:47"}
{"level":"info","message":"POST /auth/login","timestamp":"2024-06-20 10:17:56"}
{"level":"info","message":"POST /auth/login","timestamp":"2024-06-20 10:18:28"}
{"level":"info","message":"GET /auth","timestamp":"2024-06-20 10:19:10"}
{"level":"info","message":"POST /auth/login","timestamp":"2024-06-20 10:20:05"}
{"level":"info","message":"POST /auth/login","timestamp":"2024-06-20 10:22:55"}
{"level":"info","message":"POST /auth/login","timestamp":"2024-06-20 10:28:21"}
{"level":"info","message":"GET /auth","timestamp":"2024-06-20 10:28:27"}
{"level":"info","message":"POST /auth/register","timestamp":"2024-06-20 10:28:33"}
{"level":"info","message":"GET /","timestamp":"2024-06-20 10:30:17"}
{"level":"info","message":"GET /","timestamp":"2024-06-20 10:30:20"}
{"level":"info","message":"POST /auth/register","timestamp":"2024-06-20 12:33:42"}
{"level":"info","message":"POST /auth/login","timestamp":"2024-06-20 12:33:49"}
{"level":"info","message":"GET /auth","timestamp":"2024-06-20 12:33:57"}
{"level":"info","message":"POST /auth/register","timestamp":"2024-06-20 12:52:45"}
{"level":"info","message":"GET /auth/id","timestamp":"2024-06-20 15:07:27"}
{"level":"info","message":"GET /auth/id","timestamp":"2024-06-20 15:08:04"}
{"level":"info","message":"DELETE /auth/id","timestamp":"2024-06-20 15:08:24"}
{"level":"info","message":"POST /auth/register","timestamp":"2024-06-20 15:42:04"}
{"level":"info","message":"POST /auth/login","timestamp":"2024-06-20 15:43:37"}
{"level":"info","message":"POST /auth/login","timestamp":"2024-06-20 15:44:33"}
{"level":"info","message":"POST /auth/login","timestamp":"2024-06-20 15:45:02"}
{"level":"info","message":"POST /auth/register","timestamp":"2024-06-20 15:49:15"}
{"level":"info","message":"POST /auth/register","timestamp":"2024-06-21 10:22:52"}
{"level":"info","message":"POST /auth/login","timestamp":"2024-06-21 10:22:59"}
{"level":"info","message":"GET /auth","timestamp":"2024-06-21 10:23:05"}
{"level":"info","message":"POST /auth/register","timestamp":"2024-06-21 11:47:48"}
{"level":"info","message":"POST /auth/register","timestamp":"2024-06-21 11:49:20"}
